============================= test session starts =============================
platform win32 -- Python 3.14.3, pytest-9.1.1, pluggy-1.6.0 -- C:\dev\portfolios\Advanced-SQL-Patterns\.venv\Scripts\python.exe
cachedir: .pytest_cache
rootdir: C:\dev\portfolios\ecommerce-retail-analytics
configfile: pyproject.toml
plugins: anyio-4.13.0, Faker-40.23.0
collecting ... collected 14 items

tests/test_synthetic_data_generator.py::TestConfig::test_config_exists PASSED [  7%]
tests/test_synthetic_data_generator.py::TestConfig::test_config_has_required_keys PASSED [ 14%]
tests/test_synthetic_data_generator.py::TestConfig::test_config_segment_percentages_sum_to_one PASSED [ 21%]
tests/test_synthetic_data_generator.py::TestConfig::test_config_segment_consistency PASSED [ 28%]
tests/test_synthetic_data_generator.py::TestSyntheticDataGenerator::test_generator_initialization PASSED [ 35%]
tests/test_synthetic_data_generator.py::TestSyntheticDataGenerator::test_generator_uses_seed PASSED [ 42%]
tests/test_synthetic_data_generator.py::TestSegmentDistribution::test_segment_distribution_matches_config PASSED [ 50%]
tests/test_synthetic_data_generator.py::TestSegmentDistribution::test_all_customers_assigned PASSED [ 57%]
tests/test_synthetic_data_generator.py::TestDeterministicSegmentation::test_deterministic_segmentation PASSED [ 64%]
tests/test_synthetic_data_generator.py::TestDeterministicSegmentation::test_different_seed_produces_different_segments PASSED [ 71%]
tests/test_synthetic_data_generator.py::TestCustomerSelection::test_customer_selection_respects_segments PASSED [ 78%]
tests/test_synthetic_data_generator.py::TestCustomerSelection::test_customer_selection_respects_max_orders PASSED [ 85%]
tests/test_synthetic_data_generator.py::TestLoadReferenceData::test_load_reference_data_connects_to_snowflake PASSED [ 92%]
tests/test_synthetic_data_generator.py::TestLoadReferenceData::test_load_reference_data_populates_customer_ids PASSED [100%]

============================= 14 passed in 4.69s ==============================
